\BOOKMARK [1][-]{section.1}{Introducci\363n}{}% 1
\BOOKMARK [1][-]{section.2}{Organizaci\363n del proyecto}{}% 2
\BOOKMARK [1][-]{section.3}{Plan de gesti\363n del proyecto}{}% 3
\BOOKMARK [2][-]{subsection.3.1}{Procesos}{section.3}% 4
\BOOKMARK [3][-]{subsubsection.3.1.1}{Procesos de inicio}{subsection.3.1}% 5
\BOOKMARK [3][-]{subsubsection.3.1.2}{Procesos de ejecuci\363n y control}{subsection.3.1}% 6
\BOOKMARK [3][-]{subsubsection.3.1.3}{Procesos t\351cnicos}{subsection.3.1}% 7
\BOOKMARK [2][-]{subsection.3.2}{Planes}{section.3}% 8
\BOOKMARK [3][-]{subsubsection.3.2.1}{Planes de gesti\363n de configuraciones}{subsection.3.2}% 9
\BOOKMARK [3][-]{subsubsection.3.2.2}{Plan de construcci\363n y despliegue del software}{subsection.3.2}% 10
\BOOKMARK [3][-]{subsubsection.3.2.3}{Planes de aseguramiento de calidad}{subsection.3.2}% 11
\BOOKMARK [3][-]{subsubsection.3.2.4}{Calendario del proyecto y divisi\363n del trabajo}{subsection.3.2}% 12
\BOOKMARK [1][-]{section.4}{An\341lisis y dise\361o del sistema}{}% 13
\BOOKMARK [2][-]{subsection.4.1}{An\341lisis de requisitos}{section.4}% 14
\BOOKMARK [2][-]{subsection.4.2}{Dise\361o del sistema}{section.4}% 15
\BOOKMARK [1][-]{section.5}{Memoria del proyecto}{}% 16
\BOOKMARK [2][-]{subsection.5.1}{Inicio del proyecto}{section.5}% 17
\BOOKMARK [2][-]{subsection.5.2}{Ejecuci\363n y control del proyecto}{section.5}% 18
\BOOKMARK [2][-]{subsection.5.3}{Cierre del proyecto}{section.5}% 19
\BOOKMARK [1][-]{figure.10}{Conclusiones}{}% 20
\BOOKMARK [1][-]{figure.10}{Glosario}{}% 21
\BOOKMARK [1][-]{figure.10}{Bibliograf\355a}{}% 22
\BOOKMARK [1][-]{figure.10}{Anexo I. Actas de reuniones realizadas con el tutor}{}% 23
